<?xml version="1.0" encoding="UTF-8"?>
<testng-results ignored="0" total="2" passed="2" failed="0" skipped="0">
  <reporter-output>
  </reporter-output>
  <suite started-at="2021-05-07T14:41:15 MST" name="Suite" finished-at="2021-05-07T14:41:39 MST" duration-ms="23295">
    <groups>
    </groups>
    <test started-at="2021-05-07T14:41:15 MST" name="Win10-FF-Test" finished-at="2021-05-07T14:41:33 MST" duration-ms="17498">
      <class name="testcases.TestOnSauceLabs">
        <test-method is-config="true" signature="setUp(java.lang.String,java.lang.String,java.lang.String)[pri:0, instance:testcases.TestOnSauceLabs@1da2cb77]" started-at="2021-05-07T14:41:15 MST" name="setUp" finished-at="2021-05-07T14:41:31 MST" duration-ms="15612" status="PASS">
          <params>
            <param index="0">
              <value>
                <![CDATA[Firefox]]>
              </value>
            </param>
            <param index="1">
              <value>
                <![CDATA[88.0]]>
              </value>
            </param>
            <param index="2">
              <value>
                <![CDATA[Windows 10]]>
              </value>
            </param>
          </params>
          <reporter-output>
          </reporter-output>
        </test-method> <!-- setUp -->
        <test-method signature="testTitle()[pri:0, instance:testcases.TestOnSauceLabs@1da2cb77]" started-at="2021-05-07T14:41:31 MST" name="testTitle" finished-at="2021-05-07T14:41:33 MST" duration-ms="1583" status="PASS">
          <reporter-output>
          </reporter-output>
        </test-method> <!-- testTitle -->
        <test-method is-config="true" signature="tearDown()[pri:0, instance:testcases.TestOnSauceLabs@1da2cb77]" started-at="2021-05-07T14:41:33 MST" name="tearDown" finished-at="2021-05-07T14:41:33 MST" duration-ms="280" status="PASS">
          <reporter-output>
          </reporter-output>
        </test-method> <!-- tearDown -->
      </class> <!-- testcases.TestOnSauceLabs -->
    </test> <!-- Win10-FF-Test -->
    <test started-at="2021-05-07T14:41:33 MST" name="Win10-CH-Test" finished-at="2021-05-07T14:41:39 MST" duration-ms="5758">
      <class name="testcases.TestOnSauceLabs">
        <test-method is-config="true" signature="setUp(java.lang.String,java.lang.String,java.lang.String)[pri:0, instance:testcases.TestOnSauceLabs@1de5f259]" started-at="2021-05-07T14:41:33 MST" name="setUp" finished-at="2021-05-07T14:41:37 MST" duration-ms="4487" status="PASS">
          <params>
            <param index="0">
              <value>
                <![CDATA[Chrome]]>
              </value>
            </param>
            <param index="1">
              <value>
                <![CDATA[90.0]]>
              </value>
            </param>
            <param index="2">
              <value>
                <![CDATA[Windows 10]]>
              </value>
            </param>
          </params>
          <reporter-output>
          </reporter-output>
        </test-method> <!-- setUp -->
        <test-method signature="testTitle()[pri:0, instance:testcases.TestOnSauceLabs@1de5f259]" started-at="2021-05-07T14:41:37 MST" name="testTitle" finished-at="2021-05-07T14:41:38 MST" duration-ms="1083" status="PASS">
          <reporter-output>
          </reporter-output>
        </test-method> <!-- testTitle -->
        <test-method is-config="true" signature="tearDown()[pri:0, instance:testcases.TestOnSauceLabs@1de5f259]" started-at="2021-05-07T14:41:38 MST" name="tearDown" finished-at="2021-05-07T14:41:39 MST" duration-ms="184" status="PASS">
          <reporter-output>
          </reporter-output>
        </test-method> <!-- tearDown -->
      </class> <!-- testcases.TestOnSauceLabs -->
    </test> <!-- Win10-CH-Test -->
  </suite> <!-- Suite -->
</testng-results>
